-------------------------------------------------------------------
         SDDP.jl (c) Oscar Dowson and contributors, 2017-25
-------------------------------------------------------------------
problem
  nodes           : 10
  state variables : 1
  scenarios       : 1.00000e+00
  existing cuts   : false
options
  solver          : serial mode
  risk measure    : SDDP.Expectation()
  sampling scheme : SDDP.InSampleMonteCarlo
subproblem structure
  VariableRef                             : [4, 4]
  AffExpr in MOI.EqualTo{Float64}         : [1, 2]
  AffExpr in MOI.LessThan{Float64}        : [1, 1]
  VariableRef in MOI.GreaterThan{Float64} : [3, 3]
  VariableRef in MOI.LessThan{Float64}    : [1, 2]
numerical stability report
  matrix range     [1e+00, 1e+00]
  objective range  [0e+00, 0e+00]
  bounds range     [5e+01, 5e+01]
  rhs range        [0e+00, 0e+00]
-------------------------------------------------------------------
 iteration    simulation      bound        time (s)     solves  pid
-------------------------------------------------------------------
         1   2.499955e+03  9.560727e-03  5.585000e+00        20   1
        11   2.500057e+02  2.499962e+02  6.673000e+00       220   1
        21   2.500000e+02  2.500000e+02  7.718000e+00       420   1
        30   2.500000e+02  2.500000e+02  8.753000e+00       600   1
        38   2.500000e+02  2.500000e+02  9.816000e+00       760   1
        50   2.500000e+02  2.500000e+02  1.117400e+01      1000   1
-------------------------------------------------------------------
status         : iteration_limit
total time (s) : 1.117400e+01
total solves   : 1000
best bound     :  2.500000e+02
simulation ci  :  3.121004e+02 ± 9.078827e+01
numeric issues : 0
-------------------------------------------------------------------

